{"/home/joe/Desktop/Ledgerly/src/screens/AdvancedReportsScreen.js": {"path":"/home/joe/Desktop/Ledgerly/src/screens/AdvancedReportsScreen.js","statementMap":{"0":{"start":{"line":7,"column":2},"end":{"line":7,"column":77}},"1":{"start":{"line":7,"column":58},"end":{"line":7,"column":72}},"2":{"start":{"line":11,"column":42},"end":{"line":11,"column":54}},"3":{"start":{"line":12,"column":34},"end":{"line":12,"column":45}},"4":{"start":{"line":13,"column":30},"end":{"line":13,"column":41}},"5":{"start":{"line":14,"column":32},"end":{"line":14,"column":43}},"6":{"start":{"line":15,"column":34},"end":{"line":15,"column":46}},"7":{"start":{"line":17,"column":2},"end":{"line":27,"column":9}},"8":{"start":{"line":18,"column":4},"end":{"line":26,"column":9}},"9":{"start":{"line":19,"column":18},"end":{"line":19,"column":41}},"10":{"start":{"line":20,"column":19},"end":{"line":20,"column":44}},"11":{"start":{"line":21,"column":6},"end":{"line":21,"column":27}},"12":{"start":{"line":22,"column":6},"end":{"line":22,"column":47}},"13":{"start":{"line":22,"column":32},"end":{"line":22,"column":44}},"14":{"start":{"line":23,"column":6},"end":{"line":23,"column":48}},"15":{"start":{"line":23,"column":33},"end":{"line":23,"column":45}},"16":{"start":{"line":24,"column":6},"end":{"line":24,"column":41}},"17":{"start":{"line":24,"column":34},"end":{"line":24,"column":38}},"18":{"start":{"line":25,"column":6},"end":{"line":25,"column":24}},"19":{"start":{"line":29,"column":2},"end":{"line":61,"column":4}},"20":{"start":{"line":49,"column":32},"end":{"line":49,"column":42}},"21":{"start":{"line":51,"column":12},"end":{"line":55,"column":19}},"22":{"start":{"line":65,"column":17},"end":{"line":65,"column":19}},"23":{"start":{"line":66,"column":2},"end":{"line":72,"column":5}},"24":{"start":{"line":67,"column":31},"end":{"line":67,"column":48}},"25":{"start":{"line":68,"column":16},"end":{"line":68,"column":51}},"26":{"start":{"line":69,"column":4},"end":{"line":69,"column":74}},"27":{"start":{"line":69,"column":22},"end":{"line":69,"column":74}},"28":{"start":{"line":70,"column":4},"end":{"line":71,"column":41}},"29":{"start":{"line":70,"column":22},"end":{"line":70,"column":53}},"30":{"start":{"line":71,"column":9},"end":{"line":71,"column":41}},"31":{"start":{"line":73,"column":2},"end":{"line":73,"column":78}},"32":{"start":{"line":73,"column":46},"end":{"line":73,"column":76}},"33":{"start":{"line":76,"column":15},"end":{"line":91,"column":2}}},"fnMap":{"0":{"name":"sumBy","decl":{"start":{"line":6,"column":9},"end":{"line":6,"column":14}},"loc":{"start":{"line":6,"column":39},"end":{"line":8,"column":1}},"line":6},"1":{"name":"(anonymous_1)","decl":{"start":{"line":7,"column":46},"end":{"line":7,"column":47}},"loc":{"start":{"line":7,"column":58},"end":{"line":7,"column":72}},"line":7},"2":{"name":"AdvancedReportsScreen","decl":{"start":{"line":10,"column":24},"end":{"line":10,"column":45}},"loc":{"start":{"line":10,"column":48},"end":{"line":62,"column":1}},"line":10},"3":{"name":"(anonymous_3)","decl":{"start":{"line":17,"column":12},"end":{"line":17,"column":13}},"loc":{"start":{"line":17,"column":18},"end":{"line":27,"column":3}},"line":17},"4":{"name":"(anonymous_4)","decl":{"start":{"line":18,"column":5},"end":{"line":18,"column":6}},"loc":{"start":{"line":18,"column":17},"end":{"line":26,"column":5}},"line":18},"5":{"name":"(anonymous_5)","decl":{"start":{"line":22,"column":27},"end":{"line":22,"column":28}},"loc":{"start":{"line":22,"column":32},"end":{"line":22,"column":44}},"line":22},"6":{"name":"(anonymous_6)","decl":{"start":{"line":23,"column":28},"end":{"line":23,"column":29}},"loc":{"start":{"line":23,"column":33},"end":{"line":23,"column":45}},"line":23},"7":{"name":"(anonymous_7)","decl":{"start":{"line":24,"column":29},"end":{"line":24,"column":30}},"loc":{"start":{"line":24,"column":34},"end":{"line":24,"column":38}},"line":24},"8":{"name":"(anonymous_8)","decl":{"start":{"line":49,"column":24},"end":{"line":49,"column":25}},"loc":{"start":{"line":49,"column":32},"end":{"line":49,"column":42}},"line":49},"9":{"name":"(anonymous_9)","decl":{"start":{"line":50,"column":22},"end":{"line":50,"column":23}},"loc":{"start":{"line":51,"column":12},"end":{"line":55,"column":19}},"line":51},"10":{"name":"groupByMonth","decl":{"start":{"line":64,"column":9},"end":{"line":64,"column":21}},"loc":{"start":{"line":64,"column":36},"end":{"line":74,"column":1}},"line":64},"11":{"name":"(anonymous_11)","decl":{"start":{"line":66,"column":23},"end":{"line":66,"column":24}},"loc":{"start":{"line":66,"column":28},"end":{"line":72,"column":3}},"line":66},"12":{"name":"(anonymous_12)","decl":{"start":{"line":73,"column":36},"end":{"line":73,"column":37}},"loc":{"start":{"line":73,"column":46},"end":{"line":73,"column":76}},"line":73}},"branchMap":{"0":{"loc":{"start":{"line":69,"column":4},"end":{"line":69,"column":74}},"type":"if","locations":[{"start":{"line":69,"column":4},"end":{"line":69,"column":74}},{"start":{},"end":{}}],"line":69},"1":{"loc":{"start":{"line":70,"column":4},"end":{"line":71,"column":41}},"type":"if","locations":[{"start":{"line":70,"column":4},"end":{"line":71,"column":41}},{"start":{"line":71,"column":9},"end":{"line":71,"column":41}}],"line":70},"2":{"loc":{"start":{"line":77,"column":63},"end":{"line":77,"column":124}},"type":"cond-expr","locations":[{"start":{"line":77,"column":91},"end":{"line":77,"column":120}},{"start":{"line":77,"column":123},"end":{"line":77,"column":124}}],"line":77},"3":{"loc":{"start":{"line":77,"column":91},"end":{"line":77,"column":120}},"type":"binary-expr","locations":[{"start":{"line":77,"column":91},"end":{"line":77,"column":114}},{"start":{"line":77,"column":118},"end":{"line":77,"column":120}}],"line":77}},"s":{"0":3,"1":4,"2":2,"3":2,"4":2,"5":2,"6":2,"7":2,"8":1,"9":1,"10":1,"11":1,"12":1,"13":2,"14":1,"15":2,"16":1,"17":2,"18":1,"19":2,"20":2,"21":1,"22":2,"23":2,"24":2,"25":2,"26":2,"27":1,"28":2,"29":1,"30":1,"31":2,"32":0,"33":2},"f":{"0":3,"1":4,"2":2,"3":1,"4":1,"5":2,"6":2,"7":2,"8":2,"9":1,"10":2,"11":2,"12":0},"b":{"0":[1,1],"1":[1,1],"2":[0,2],"3":[0,0]},"_coverageSchema":"1a1c01bbd47fc00a2c39e90264f33305004495a9","hash":"baf46ab1efe8ef0970b5bf6364e23a9292475579"}
,"/home/joe/Desktop/Ledgerly/src/screens/BudgetScreen.js": {"path":"/home/joe/Desktop/Ledgerly/src/screens/BudgetScreen.js","statementMap":{"0":{"start":{"line":7,"column":21},"end":{"line":16,"column":3}},"1":{"start":{"line":17,"column":32},"end":{"line":17,"column":44}},"2":{"start":{"line":18,"column":34},"end":{"line":18,"column":46}},"3":{"start":{"line":19,"column":30},"end":{"line":19,"column":42}},"4":{"start":{"line":21,"column":2},"end":{"line":24,"column":9}},"5":{"start":{"line":22,"column":4},"end":{"line":22,"column":18}},"6":{"start":{"line":23,"column":4},"end":{"line":23,"column":19}},"7":{"start":{"line":26,"column":22},"end":{"line":29,"column":3}},"8":{"start":{"line":27,"column":17},"end":{"line":27,"column":35}},"9":{"start":{"line":28,"column":4},"end":{"line":28,"column":21}},"10":{"start":{"line":31,"column":23},"end":{"line":39,"column":3}},"11":{"start":{"line":32,"column":16},"end":{"line":32,"column":39}},"12":{"start":{"line":33,"column":17},"end":{"line":33,"column":19}},"13":{"start":{"line":34,"column":4},"end":{"line":37,"column":7}},"14":{"start":{"line":35,"column":6},"end":{"line":35,"column":50}},"15":{"start":{"line":35,"column":29},"end":{"line":35,"column":50}},"16":{"start":{"line":36,"column":6},"end":{"line":36,"column":45}},"17":{"start":{"line":38,"column":4},"end":{"line":38,"column":22}},"18":{"start":{"line":41,"column":26},"end":{"line":50,"column":3}},"19":{"start":{"line":42,"column":16},"end":{"line":42,"column":39}},"20":{"start":{"line":43,"column":4},"end":{"line":46,"column":5}},"21":{"start":{"line":44,"column":6},"end":{"line":44,"column":71}},"22":{"start":{"line":45,"column":6},"end":{"line":45,"column":13}},"23":{"start":{"line":47,"column":4},"end":{"line":47,"column":30}},"24":{"start":{"line":48,"column":4},"end":{"line":48,"column":40}},"25":{"start":{"line":49,"column":4},"end":{"line":49,"column":18}},"26":{"start":{"line":52,"column":29},"end":{"line":55,"column":3}},"27":{"start":{"line":53,"column":4},"end":{"line":53,"column":28}},"28":{"start":{"line":54,"column":4},"end":{"line":54,"column":18}},"29":{"start":{"line":57,"column":2},"end":{"line":116,"column":4}},"30":{"start":{"line":64,"column":31},"end":{"line":64,"column":34}},"31":{"start":{"line":66,"column":26},"end":{"line":66,"column":44}},"32":{"start":{"line":67,"column":27},"end":{"line":67,"column":39}},"33":{"start":{"line":68,"column":28},"end":{"line":68,"column":90}},"34":{"start":{"line":69,"column":12},"end":{"line":105,"column":14}},"35":{"start":{"line":91,"column":39},"end":{"line":91,"column":75}},"36":{"start":{"line":96,"column":71},"end":{"line":96,"column":91}},"37":{"start":{"line":100,"column":76},"end":{"line":100,"column":99}},"38":{"start":{"line":119,"column":15},"end":{"line":242,"column":2}}},"fnMap":{"0":{"name":"BudgetScreen","decl":{"start":{"line":6,"column":9},"end":{"line":6,"column":21}},"loc":{"start":{"line":6,"column":68},"end":{"line":117,"column":1}},"line":6},"1":{"name":"(anonymous_1)","decl":{"start":{"line":21,"column":12},"end":{"line":21,"column":13}},"loc":{"start":{"line":21,"column":18},"end":{"line":24,"column":3}},"line":21},"2":{"name":"(anonymous_2)","decl":{"start":{"line":26,"column":22},"end":{"line":26,"column":23}},"loc":{"start":{"line":26,"column":34},"end":{"line":29,"column":3}},"line":26},"3":{"name":"(anonymous_3)","decl":{"start":{"line":31,"column":23},"end":{"line":31,"column":24}},"loc":{"start":{"line":31,"column":35},"end":{"line":39,"column":3}},"line":31},"4":{"name":"(anonymous_4)","decl":{"start":{"line":34,"column":16},"end":{"line":34,"column":17}},"loc":{"start":{"line":34,"column":21},"end":{"line":37,"column":5}},"line":34},"5":{"name":"(anonymous_5)","decl":{"start":{"line":41,"column":26},"end":{"line":41,"column":27}},"loc":{"start":{"line":41,"column":41},"end":{"line":50,"column":3}},"line":41},"6":{"name":"(anonymous_6)","decl":{"start":{"line":52,"column":29},"end":{"line":52,"column":30}},"loc":{"start":{"line":52,"column":44},"end":{"line":55,"column":3}},"line":52},"7":{"name":"(anonymous_7)","decl":{"start":{"line":64,"column":24},"end":{"line":64,"column":25}},"loc":{"start":{"line":64,"column":31},"end":{"line":64,"column":34}},"line":64},"8":{"name":"(anonymous_8)","decl":{"start":{"line":65,"column":22},"end":{"line":65,"column":23}},"loc":{"start":{"line":65,"column":41},"end":{"line":106,"column":11}},"line":65},"9":{"name":"(anonymous_9)","decl":{"start":{"line":91,"column":32},"end":{"line":91,"column":33}},"loc":{"start":{"line":91,"column":39},"end":{"line":91,"column":75}},"line":91},"10":{"name":"(anonymous_10)","decl":{"start":{"line":96,"column":65},"end":{"line":96,"column":66}},"loc":{"start":{"line":96,"column":71},"end":{"line":96,"column":91}},"line":96},"11":{"name":"(anonymous_11)","decl":{"start":{"line":100,"column":70},"end":{"line":100,"column":71}},"loc":{"start":{"line":100,"column":76},"end":{"line":100,"column":99}},"line":100}},"branchMap":{"0":{"loc":{"start":{"line":7,"column":21},"end":{"line":16,"column":3}},"type":"binary-expr","locations":[{"start":{"line":7,"column":21},"end":{"line":7,"column":39}},{"start":{"line":7,"column":43},"end":{"line":16,"column":3}}],"line":7},"1":{"loc":{"start":{"line":35,"column":6},"end":{"line":35,"column":50}},"type":"if","locations":[{"start":{"line":35,"column":6},"end":{"line":35,"column":50}},{"start":{},"end":{}}],"line":35},"2":{"loc":{"start":{"line":43,"column":4},"end":{"line":46,"column":5}},"type":"if","locations":[{"start":{"line":43,"column":4},"end":{"line":46,"column":5}},{"start":{},"end":{}}],"line":43},"3":{"loc":{"start":{"line":43,"column":8},"end":{"line":43,"column":30}},"type":"binary-expr","locations":[{"start":{"line":43,"column":8},"end":{"line":43,"column":18}},{"start":{"line":43,"column":22},"end":{"line":43,"column":30}}],"line":43},"4":{"loc":{"start":{"line":66,"column":26},"end":{"line":66,"column":44}},"type":"binary-expr","locations":[{"start":{"line":66,"column":26},"end":{"line":66,"column":39}},{"start":{"line":66,"column":43},"end":{"line":66,"column":44}}],"line":66},"5":{"loc":{"start":{"line":68,"column":28},"end":{"line":68,"column":90}},"type":"cond-expr","locations":[{"start":{"line":68,"column":37},"end":{"line":68,"column":86}},{"start":{"line":68,"column":89},"end":{"line":68,"column":90}}],"line":68},"6":{"loc":{"start":{"line":73,"column":19},"end":{"line":79,"column":19}},"type":"cond-expr","locations":[{"start":{"line":74,"column":20},"end":{"line":76,"column":27}},{"start":{"line":78,"column":20},"end":{"line":78,"column":70}}],"line":73},"7":{"loc":{"start":{"line":74,"column":33},"end":{"line":74,"column":123}},"type":"cond-expr","locations":[{"start":{"line":74,"column":50},"end":{"line":74,"column":67}},{"start":{"line":74,"column":70},"end":{"line":74,"column":123}}],"line":74},"8":{"loc":{"start":{"line":74,"column":70},"end":{"line":74,"column":123}},"type":"cond-expr","locations":[{"start":{"line":74,"column":86},"end":{"line":74,"column":103}},{"start":{"line":74,"column":106},"end":{"line":74,"column":123}}],"line":74},"9":{"loc":{"start":{"line":80,"column":19},"end":{"line":82,"column":19}},"type":"binary-expr","locations":[{"start":{"line":80,"column":19},"end":{"line":80,"column":25}},{"start":{"line":80,"column":29},"end":{"line":80,"column":43}},{"start":{"line":81,"column":20},"end":{"line":81,"column":73}}],"line":80},"10":{"loc":{"start":{"line":83,"column":19},"end":{"line":85,"column":19}},"type":"binary-expr","locations":[{"start":{"line":83,"column":19},"end":{"line":83,"column":25}},{"start":{"line":83,"column":29},"end":{"line":83,"column":42}},{"start":{"line":83,"column":46},"end":{"line":83,"column":59}},{"start":{"line":84,"column":20},"end":{"line":84,"column":78}}],"line":83},"11":{"loc":{"start":{"line":90,"column":25},"end":{"line":90,"column":42}},"type":"binary-expr","locations":[{"start":{"line":90,"column":25},"end":{"line":90,"column":36}},{"start":{"line":90,"column":40},"end":{"line":90,"column":42}}],"line":90},"12":{"loc":{"start":{"line":99,"column":17},"end":{"line":103,"column":17}},"type":"binary-expr","locations":[{"start":{"line":99,"column":17},"end":{"line":99,"column":23}},{"start":{"line":100,"column":18},"end":{"line":102,"column":37}}],"line":99},"13":{"loc":{"start":{"line":123,"column":16},"end":{"line":123,"column":77}},"type":"cond-expr","locations":[{"start":{"line":123,"column":44},"end":{"line":123,"column":73}},{"start":{"line":123,"column":76},"end":{"line":123,"column":77}}],"line":123},"14":{"loc":{"start":{"line":123,"column":44},"end":{"line":123,"column":73}},"type":"binary-expr","locations":[{"start":{"line":123,"column":44},"end":{"line":123,"column":67}},{"start":{"line":123,"column":71},"end":{"line":123,"column":73}}],"line":123}},"s":{"0":2,"1":2,"2":2,"3":2,"4":2,"5":1,"6":1,"7":2,"8":1,"9":1,"10":2,"11":1,"12":1,"13":1,"14":2,"15":1,"16":2,"17":1,"18":2,"19":0,"20":0,"21":0,"22":0,"23":0,"24":0,"25":0,"26":2,"27":0,"28":0,"29":2,"30":3,"31":2,"32":2,"33":2,"34":2,"35":0,"36":0,"37":0,"38":2},"f":{"0":2,"1":1,"2":1,"3":1,"4":2,"5":0,"6":0,"7":3,"8":2,"9":0,"10":0,"11":0},"b":{"0":[2,0],"1":[1,1],"2":[0,0],"3":[0,0],"4":[2,1],"5":[1,1],"6":[1,1],"7":[0,1],"8":[0,1],"9":[2,1,0],"10":[2,1,0,0],"11":[2,2],"12":[2,1],"13":[0,2],"14":[0,0]},"_coverageSchema":"1a1c01bbd47fc00a2c39e90264f33305004495a9","hash":"578f677db5f8775a4a79855fcc21999685ec633f"}
,"/home/joe/Desktop/Ledgerly/src/screens/CategoryScreen.js": {"path":"/home/joe/Desktop/Ledgerly/src/screens/CategoryScreen.js","statementMap":{"0":{"start":{"line":5,"column":21},"end":{"line":14,"column":3}},"1":{"start":{"line":16,"column":2},"end":{"line":39,"column":4}},"2":{"start":{"line":24,"column":12},"end":{"line":31,"column":31}},"3":{"start":{"line":42,"column":15},"end":{"line":94,"column":2}}},"fnMap":{"0":{"name":"CategoryScreen","decl":{"start":{"line":4,"column":24},"end":{"line":4,"column":38}},"loc":{"start":{"line":4,"column":85},"end":{"line":40,"column":1}},"line":4},"1":{"name":"(anonymous_1)","decl":{"start":{"line":23,"column":25},"end":{"line":23,"column":26}},"loc":{"start":{"line":24,"column":12},"end":{"line":31,"column":31}},"line":24},"2":{"name":"(anonymous_2)","decl":{"start":{"line":28,"column":23},"end":{"line":28,"column":24}},"loc":{"start":{"line":28,"column":29},"end":{"line":28,"column":31}},"line":28}},"branchMap":{"0":{"loc":{"start":{"line":5,"column":21},"end":{"line":14,"column":3}},"type":"binary-expr","locations":[{"start":{"line":5,"column":21},"end":{"line":5,"column":39}},{"start":{"line":5,"column":43},"end":{"line":14,"column":3}}],"line":5},"1":{"loc":{"start":{"line":20,"column":9},"end":{"line":33,"column":9}},"type":"cond-expr","locations":[{"start":{"line":21,"column":10},"end":{"line":21,"column":94}},{"start":{"line":23,"column":10},"end":{"line":32,"column":12}}],"line":20}},"s":{"0":1,"1":1,"2":0,"3":1},"f":{"0":1,"1":0,"2":0},"b":{"0":[1,0],"1":[1,0]},"_coverageSchema":"1a1c01bbd47fc00a2c39e90264f33305004495a9","hash":"9ef7e0f2c398a3f3d1fd6e1678c8adae8f0af70b"}
,"/home/joe/Desktop/Ledgerly/src/screens/HomeScreen.js": {"path":"/home/joe/Desktop/Ledgerly/src/screens/HomeScreen.js","statementMap":{"0":{"start":{"line":10,"column":12},"end":{"line":10,"column":38}},"1":{"start":{"line":13,"column":42},"end":{"line":13,"column":54}},"2":{"start":{"line":14,"column":30},"end":{"line":14,"column":42}},"3":{"start":{"line":15,"column":34},"end":{"line":15,"column":49}},"4":{"start":{"line":17,"column":2},"end":{"line":23,"column":19}},"5":{"start":{"line":18,"column":24},"end":{"line":20,"column":6}},"6":{"start":{"line":19,"column":6},"end":{"line":19,"column":25}},"7":{"start":{"line":21,"column":4},"end":{"line":21,"column":23}},"8":{"start":{"line":22,"column":4},"end":{"line":22,"column":23}},"9":{"start":{"line":25,"column":2},"end":{"line":31,"column":9}},"10":{"start":{"line":26,"column":4},"end":{"line":30,"column":9}},"11":{"start":{"line":27,"column":18},"end":{"line":27,"column":41}},"12":{"start":{"line":28,"column":6},"end":{"line":28,"column":27}},"13":{"start":{"line":29,"column":6},"end":{"line":29,"column":74}},"14":{"start":{"line":29,"column":45},"end":{"line":29,"column":74}},"15":{"start":{"line":33,"column":27},"end":{"line":36,"column":3}},"16":{"start":{"line":34,"column":17},"end":{"line":34,"column":40}},"17":{"start":{"line":35,"column":4},"end":{"line":35,"column":26}},"18":{"start":{"line":38,"column":23},"end":{"line":46,"column":3}},"19":{"start":{"line":39,"column":4},"end":{"line":45,"column":7}},"20":{"start":{"line":42,"column":8},"end":{"line":42,"column":36}},"21":{"start":{"line":43,"column":8},"end":{"line":43,"column":27}},"22":{"start":{"line":48,"column":23},"end":{"line":48,"column":73}},"23":{"start":{"line":48,"column":55},"end":{"line":48,"column":69}},"24":{"start":{"line":50,"column":31},"end":{"line":57,"column":4}},"25":{"start":{"line":51,"column":14},"end":{"line":51,"column":34}},"26":{"start":{"line":52,"column":4},"end":{"line":56,"column":6}},"27":{"start":{"line":59,"column":34},"end":{"line":68,"column":3}},"28":{"start":{"line":60,"column":21},"end":{"line":60,"column":36}},"29":{"start":{"line":61,"column":4},"end":{"line":67,"column":6}},"30":{"start":{"line":70,"column":2},"end":{"line":119,"column":4}},"31":{"start":{"line":86,"column":32},"end":{"line":86,"column":39}},"32":{"start":{"line":88,"column":12},"end":{"line":108,"column":19}},"33":{"start":{"line":103,"column":31},"end":{"line":103,"column":52}},"34":{"start":{"line":114,"column":66},"end":{"line":114,"column":103}},"35":{"start":{"line":123,"column":2},"end":{"line":138,"column":4}},"36":{"start":{"line":133,"column":113},"end":{"line":133,"column":128}},"37":{"start":{"line":134,"column":123},"end":{"line":134,"column":138}},"38":{"start":{"line":135,"column":114},"end":{"line":135,"column":129}},"39":{"start":{"line":136,"column":118},"end":{"line":136,"column":133}},"40":{"start":{"line":141,"column":15},"end":{"line":245,"column":2}}},"fnMap":{"0":{"name":"HomeScreenContent","decl":{"start":{"line":12,"column":9},"end":{"line":12,"column":26}},"loc":{"start":{"line":12,"column":43},"end":{"line":120,"column":1}},"line":12},"1":{"name":"(anonymous_1)","decl":{"start":{"line":17,"column":12},"end":{"line":17,"column":13}},"loc":{"start":{"line":17,"column":18},"end":{"line":23,"column":3}},"line":17},"2":{"name":"(anonymous_2)","decl":{"start":{"line":18,"column":56},"end":{"line":18,"column":57}},"loc":{"start":{"line":18,"column":62},"end":{"line":20,"column":5}},"line":18},"3":{"name":"(anonymous_3)","decl":{"start":{"line":25,"column":12},"end":{"line":25,"column":13}},"loc":{"start":{"line":25,"column":18},"end":{"line":31,"column":3}},"line":25},"4":{"name":"(anonymous_4)","decl":{"start":{"line":26,"column":5},"end":{"line":26,"column":6}},"loc":{"start":{"line":26,"column":17},"end":{"line":30,"column":5}},"line":26},"5":{"name":"(anonymous_5)","decl":{"start":{"line":33,"column":27},"end":{"line":33,"column":28}},"loc":{"start":{"line":33,"column":39},"end":{"line":36,"column":3}},"line":33},"6":{"name":"(anonymous_6)","decl":{"start":{"line":38,"column":23},"end":{"line":38,"column":24}},"loc":{"start":{"line":38,"column":31},"end":{"line":46,"column":3}},"line":38},"7":{"name":"(anonymous_7)","decl":{"start":{"line":41,"column":55},"end":{"line":41,"column":56}},"loc":{"start":{"line":41,"column":67},"end":{"line":44,"column":7}},"line":41},"8":{"name":"(anonymous_8)","decl":{"start":{"line":48,"column":43},"end":{"line":48,"column":44}},"loc":{"start":{"line":48,"column":55},"end":{"line":48,"column":69}},"line":48},"9":{"name":"(anonymous_9)","decl":{"start":{"line":50,"column":51},"end":{"line":50,"column":52}},"loc":{"start":{"line":50,"column":56},"end":{"line":57,"column":3}},"line":50},"10":{"name":"(anonymous_10)","decl":{"start":{"line":59,"column":34},"end":{"line":59,"column":35}},"loc":{"start":{"line":59,"column":44},"end":{"line":68,"column":3}},"line":59},"11":{"name":"(anonymous_11)","decl":{"start":{"line":86,"column":24},"end":{"line":86,"column":25}},"loc":{"start":{"line":86,"column":32},"end":{"line":86,"column":39}},"line":86},"12":{"name":"(anonymous_12)","decl":{"start":{"line":87,"column":22},"end":{"line":87,"column":23}},"loc":{"start":{"line":88,"column":12},"end":{"line":108,"column":19}},"line":88},"13":{"name":"(anonymous_13)","decl":{"start":{"line":103,"column":25},"end":{"line":103,"column":26}},"loc":{"start":{"line":103,"column":31},"end":{"line":103,"column":52}},"line":103},"14":{"name":"(anonymous_14)","decl":{"start":{"line":114,"column":60},"end":{"line":114,"column":61}},"loc":{"start":{"line":114,"column":66},"end":{"line":114,"column":103}},"line":114},"15":{"name":"MainTabs","decl":{"start":{"line":122,"column":9},"end":{"line":122,"column":17}},"loc":{"start":{"line":122,"column":20},"end":{"line":139,"column":1}},"line":122},"16":{"name":"(anonymous_16)","decl":{"start":{"line":133,"column":107},"end":{"line":133,"column":108}},"loc":{"start":{"line":133,"column":113},"end":{"line":133,"column":128}},"line":133},"17":{"name":"(anonymous_17)","decl":{"start":{"line":134,"column":117},"end":{"line":134,"column":118}},"loc":{"start":{"line":134,"column":123},"end":{"line":134,"column":138}},"line":134},"18":{"name":"(anonymous_18)","decl":{"start":{"line":135,"column":108},"end":{"line":135,"column":109}},"loc":{"start":{"line":135,"column":114},"end":{"line":135,"column":129}},"line":135},"19":{"name":"(anonymous_19)","decl":{"start":{"line":136,"column":112},"end":{"line":136,"column":113}},"loc":{"start":{"line":136,"column":118},"end":{"line":136,"column":133}},"line":136}},"branchMap":{"0":{"loc":{"start":{"line":29,"column":6},"end":{"line":29,"column":74}},"type":"if","locations":[{"start":{"line":29,"column":6},"end":{"line":29,"column":74}},{"start":{},"end":{}}],"line":29},"1":{"loc":{"start":{"line":29,"column":10},"end":{"line":29,"column":43}},"type":"binary-expr","locations":[{"start":{"line":29,"column":10},"end":{"line":29,"column":24}},{"start":{"line":29,"column":28},"end":{"line":29,"column":43}}],"line":29},"2":{"loc":{"start":{"line":53,"column":6},"end":{"line":55,"column":99}},"type":"binary-expr","locations":[{"start":{"line":53,"column":6},"end":{"line":53,"column":45}},{"start":{"line":54,"column":6},"end":{"line":54,"column":42}},{"start":{"line":55,"column":7},"end":{"line":55,"column":19}},{"start":{"line":55,"column":23},"end":{"line":55,"column":51}},{"start":{"line":55,"column":55},"end":{"line":55,"column":98}}],"line":53},"3":{"loc":{"start":{"line":62,"column":46},"end":{"line":62,"column":87}},"type":"cond-expr","locations":[{"start":{"line":62,"column":57},"end":{"line":62,"column":70}},{"start":{"line":62,"column":73},"end":{"line":62,"column":87}}],"line":62},"4":{"loc":{"start":{"line":63,"column":9},"end":{"line":65,"column":166}},"type":"cond-expr","locations":[{"start":{"line":64,"column":12},"end":{"line":64,"column":156}},{"start":{"line":65,"column":12},"end":{"line":65,"column":166}}],"line":63},"5":{"loc":{"start":{"line":64,"column":34},"end":{"line":64,"column":59}},"type":"binary-expr","locations":[{"start":{"line":64,"column":34},"end":{"line":64,"column":47}},{"start":{"line":64,"column":51},"end":{"line":64,"column":59}}],"line":64},"6":{"loc":{"start":{"line":65,"column":34},"end":{"line":65,"column":59}},"type":"binary-expr","locations":[{"start":{"line":65,"column":34},"end":{"line":65,"column":47}},{"start":{"line":65,"column":51},"end":{"line":65,"column":59}}],"line":65},"7":{"loc":{"start":{"line":90,"column":15},"end":{"line":92,"column":15}},"type":"binary-expr","locations":[{"start":{"line":90,"column":15},"end":{"line":90,"column":31}},{"start":{"line":91,"column":16},"end":{"line":91,"column":60}}],"line":90},"8":{"loc":{"start":{"line":95,"column":15},"end":{"line":97,"column":15}},"type":"binary-expr","locations":[{"start":{"line":95,"column":15},"end":{"line":95,"column":30}},{"start":{"line":95,"column":34},"end":{"line":95,"column":66}},{"start":{"line":96,"column":16},"end":{"line":96,"column":94}}],"line":95},"9":{"loc":{"start":{"line":98,"column":15},"end":{"line":100,"column":15}},"type":"binary-expr","locations":[{"start":{"line":98,"column":15},"end":{"line":98,"column":30}},{"start":{"line":98,"column":34},"end":{"line":98,"column":65}},{"start":{"line":99,"column":16},"end":{"line":99,"column":65}}],"line":98},"10":{"loc":{"start":{"line":145,"column":16},"end":{"line":145,"column":77}},"type":"cond-expr","locations":[{"start":{"line":145,"column":44},"end":{"line":145,"column":73}},{"start":{"line":145,"column":76},"end":{"line":145,"column":77}}],"line":145},"11":{"loc":{"start":{"line":145,"column":44},"end":{"line":145,"column":73}},"type":"binary-expr","locations":[{"start":{"line":145,"column":44},"end":{"line":145,"column":67}},{"start":{"line":145,"column":71},"end":{"line":145,"column":73}}],"line":145}},"s":{"0":1,"1":5,"2":5,"3":5,"4":5,"5":2,"6":0,"7":2,"8":2,"9":5,"10":2,"11":2,"12":2,"13":2,"14":0,"15":5,"16":2,"17":2,"18":5,"19":0,"20":0,"21":0,"22":5,"23":4,"24":5,"25":4,"26":4,"27":5,"28":3,"29":3,"30":5,"31":5,"32":3,"33":0,"34":0,"35":0,"36":0,"37":0,"38":0,"39":0,"40":1},"f":{"0":5,"1":2,"2":0,"3":2,"4":2,"5":2,"6":0,"7":0,"8":4,"9":4,"10":3,"11":5,"12":3,"13":0,"14":0,"15":0,"16":0,"17":0,"18":0,"19":0},"b":{"0":[0,2],"1":[2,2],"2":[4,1,1,0,0],"3":[1,2],"4":[1,2],"5":[1,1],"6":[2,2],"7":[3,0],"8":[3,0,0],"9":[3,0,0],"10":[0,1],"11":[0,0]},"_coverageSchema":"1a1c01bbd47fc00a2c39e90264f33305004495a9","hash":"e65ab82df66bb4ddf3b69b58a71a08e5194deef3"}
,"/home/joe/Desktop/Ledgerly/src/screens/LockScreen.js": {"path":"/home/joe/Desktop/Ledgerly/src/screens/LockScreen.js","statementMap":{"0":{"start":{"line":6,"column":54},"end":{"line":6,"column":69}},"1":{"start":{"line":7,"column":46},"end":{"line":7,"column":61}},"2":{"start":{"line":9,"column":2},"end":{"line":15,"column":9}},"3":{"start":{"line":10,"column":4},"end":{"line":14,"column":9}},"4":{"start":{"line":11,"column":25},"end":{"line":11,"column":69}},"5":{"start":{"line":12,"column":23},"end":{"line":12,"column":66}},"6":{"start":{"line":13,"column":6},"end":{"line":13,"column":52}},"7":{"start":{"line":17,"column":30},"end":{"line":35,"column":3}},"8":{"start":{"line":18,"column":4},"end":{"line":18,"column":28}},"9":{"start":{"line":19,"column":4},"end":{"line":34,"column":5}},"10":{"start":{"line":20,"column":21},"end":{"line":24,"column":8}},"11":{"start":{"line":25,"column":6},"end":{"line":29,"column":7}},"12":{"start":{"line":26,"column":8},"end":{"line":26,"column":19}},"13":{"start":{"line":27,"column":13},"end":{"line":29,"column":7}},"14":{"start":{"line":28,"column":8},"end":{"line":28,"column":66}},"15":{"start":{"line":31,"column":6},"end":{"line":31,"column":63}},"16":{"start":{"line":33,"column":6},"end":{"line":33,"column":31}},"17":{"start":{"line":37,"column":2},"end":{"line":52,"column":4}},"18":{"start":{"line":55,"column":15},"end":{"line":67,"column":2}}},"fnMap":{"0":{"name":"LockScreen","decl":{"start":{"line":5,"column":24},"end":{"line":5,"column":34}},"loc":{"start":{"line":5,"column":61},"end":{"line":53,"column":1}},"line":5},"1":{"name":"(anonymous_1)","decl":{"start":{"line":9,"column":12},"end":{"line":9,"column":13}},"loc":{"start":{"line":9,"column":18},"end":{"line":15,"column":3}},"line":9},"2":{"name":"(anonymous_2)","decl":{"start":{"line":10,"column":5},"end":{"line":10,"column":6}},"loc":{"start":{"line":10,"column":17},"end":{"line":14,"column":5}},"line":10},"3":{"name":"(anonymous_3)","decl":{"start":{"line":17,"column":30},"end":{"line":17,"column":31}},"loc":{"start":{"line":17,"column":42},"end":{"line":35,"column":3}},"line":17}},"branchMap":{"0":{"loc":{"start":{"line":13,"column":28},"end":{"line":13,"column":50}},"type":"binary-expr","locations":[{"start":{"line":13,"column":28},"end":{"line":13,"column":38}},{"start":{"line":13,"column":42},"end":{"line":13,"column":50}}],"line":13},"1":{"loc":{"start":{"line":25,"column":6},"end":{"line":29,"column":7}},"type":"if","locations":[{"start":{"line":25,"column":6},"end":{"line":29,"column":7}},{"start":{"line":27,"column":13},"end":{"line":29,"column":7}}],"line":25},"2":{"loc":{"start":{"line":27,"column":13},"end":{"line":29,"column":7}},"type":"if","locations":[{"start":{"line":27,"column":13},"end":{"line":29,"column":7}},{"start":{},"end":{}}],"line":27},"3":{"loc":{"start":{"line":42,"column":9},"end":{"line":48,"column":9}},"type":"cond-expr","locations":[{"start":{"line":43,"column":10},"end":{"line":45,"column":29}},{"start":{"line":47,"column":10},"end":{"line":47,"column":81}}],"line":42},"4":{"loc":{"start":{"line":44,"column":48},"end":{"line":44,"column":111}},"type":"cond-expr","locations":[{"start":{"line":44,"column":65},"end":{"line":44,"column":84}},{"start":{"line":44,"column":87},"end":{"line":44,"column":111}}],"line":44}},"s":{"0":4,"1":4,"2":4,"3":2,"4":2,"5":2,"6":2,"7":4,"8":0,"9":0,"10":0,"11":0,"12":0,"13":0,"14":0,"15":0,"16":0,"17":4,"18":1},"f":{"0":4,"1":2,"2":2,"3":0},"b":{"0":[2,2],"1":[0,0],"2":[0,0],"3":[2,2],"4":[0,2]},"_coverageSchema":"1a1c01bbd47fc00a2c39e90264f33305004495a9","hash":"8dfba99b66f3d634e462a5ed0f036263d2749a51"}
,"/home/joe/Desktop/Ledgerly/src/screens/SettingsScreen.js": {"path":"/home/joe/Desktop/Ledgerly/src/screens/SettingsScreen.js","statementMap":{"0":{"start":{"line":6,"column":21},"end":{"line":6,"column":39}},"1":{"start":{"line":7,"column":19},"end":{"line":17,"column":1}},"2":{"start":{"line":20,"column":34},"end":{"line":20,"column":49}},"3":{"start":{"line":22,"column":2},"end":{"line":27,"column":9}},"4":{"start":{"line":23,"column":4},"end":{"line":26,"column":9}},"5":{"start":{"line":24,"column":20},"end":{"line":24,"column":60}},"6":{"start":{"line":25,"column":6},"end":{"line":25,"column":36}},"7":{"start":{"line":25,"column":17},"end":{"line":25,"column":36}},"8":{"start":{"line":29,"column":23},"end":{"line":33,"column":3}},"9":{"start":{"line":30,"column":4},"end":{"line":30,"column":21}},"10":{"start":{"line":31,"column":4},"end":{"line":31,"column":50}},"11":{"start":{"line":32,"column":4},"end":{"line":32,"column":70}},"12":{"start":{"line":35,"column":2},"end":{"line":53,"column":4}},"13":{"start":{"line":47,"column":14},"end":{"line":47,"column":97}},"14":{"start":{"line":57,"column":16},"end":{"line":57,"column":56}},"15":{"start":{"line":58,"column":2},"end":{"line":58,"column":24}},"16":{"start":{"line":62,"column":16},"end":{"line":62,"column":53}},"17":{"start":{"line":62,"column":37},"end":{"line":62,"column":52}},"18":{"start":{"line":63,"column":2},"end":{"line":63,"column":36}},"19":{"start":{"line":66,"column":15},"end":{"line":73,"column":2}}},"fnMap":{"0":{"name":"SettingsScreen","decl":{"start":{"line":19,"column":24},"end":{"line":19,"column":38}},"loc":{"start":{"line":19,"column":41},"end":{"line":54,"column":1}},"line":19},"1":{"name":"(anonymous_1)","decl":{"start":{"line":22,"column":12},"end":{"line":22,"column":13}},"loc":{"start":{"line":22,"column":18},"end":{"line":27,"column":3}},"line":22},"2":{"name":"(anonymous_2)","decl":{"start":{"line":23,"column":5},"end":{"line":23,"column":6}},"loc":{"start":{"line":23,"column":17},"end":{"line":26,"column":5}},"line":23},"3":{"name":"(anonymous_3)","decl":{"start":{"line":29,"column":23},"end":{"line":29,"column":24}},"loc":{"start":{"line":29,"column":38},"end":{"line":33,"column":3}},"line":29},"4":{"name":"(anonymous_4)","decl":{"start":{"line":46,"column":28},"end":{"line":46,"column":29}},"loc":{"start":{"line":47,"column":14},"end":{"line":47,"column":97}},"line":47},"5":{"name":"getDefaultCurrency","decl":{"start":{"line":56,"column":22},"end":{"line":56,"column":40}},"loc":{"start":{"line":56,"column":43},"end":{"line":59,"column":1}},"line":56},"6":{"name":"getCurrencySymbol","decl":{"start":{"line":61,"column":16},"end":{"line":61,"column":33}},"loc":{"start":{"line":61,"column":40},"end":{"line":64,"column":1}},"line":61},"7":{"name":"(anonymous_7)","decl":{"start":{"line":62,"column":32},"end":{"line":62,"column":33}},"loc":{"start":{"line":62,"column":37},"end":{"line":62,"column":52}},"line":62}},"branchMap":{"0":{"loc":{"start":{"line":25,"column":6},"end":{"line":25,"column":36}},"type":"if","locations":[{"start":{"line":25,"column":6},"end":{"line":25,"column":36}},{"start":{},"end":{}}],"line":25},"1":{"loc":{"start":{"line":58,"column":9},"end":{"line":58,"column":23}},"type":"binary-expr","locations":[{"start":{"line":58,"column":9},"end":{"line":58,"column":14}},{"start":{"line":58,"column":18},"end":{"line":58,"column":23}}],"line":58},"2":{"loc":{"start":{"line":63,"column":9},"end":{"line":63,"column":35}},"type":"cond-expr","locations":[{"start":{"line":63,"column":17},"end":{"line":63,"column":29}},{"start":{"line":63,"column":32},"end":{"line":63,"column":35}}],"line":63}},"s":{"0":1,"1":1,"2":1,"3":1,"4":1,"5":1,"6":1,"7":0,"8":1,"9":0,"10":0,"11":0,"12":1,"13":9,"14":0,"15":0,"16":0,"17":0,"18":0,"19":1},"f":{"0":1,"1":1,"2":1,"3":0,"4":9,"5":0,"6":0,"7":0},"b":{"0":[0,1],"1":[0,0],"2":[0,0]},"_coverageSchema":"1a1c01bbd47fc00a2c39e90264f33305004495a9","hash":"6ab8bfeb783718497bb8c7a1bf32d5295634ca75"}
,"/home/joe/Desktop/Ledgerly/src/utils/budget.js": {"path":"/home/joe/Desktop/Ledgerly/src/utils/budget.js","statementMap":{"0":{"start":{"line":3,"column":20},"end":{"line":3,"column":29}},"1":{"start":{"line":5,"column":26},"end":{"line":13,"column":1}},"2":{"start":{"line":6,"column":2},"end":{"line":12,"column":3}},"3":{"start":{"line":7,"column":21},"end":{"line":7,"column":60}},"4":{"start":{"line":8,"column":4},"end":{"line":8,"column":48}},"5":{"start":{"line":10,"column":4},"end":{"line":10,"column":46}},"6":{"start":{"line":11,"column":4},"end":{"line":11,"column":14}},"7":{"start":{"line":15,"column":25},"end":{"line":23,"column":1}},"8":{"start":{"line":16,"column":2},"end":{"line":22,"column":3}},"9":{"start":{"line":17,"column":20},"end":{"line":17,"column":38}},"10":{"start":{"line":18,"column":4},"end":{"line":18,"column":31}},"11":{"start":{"line":19,"column":4},"end":{"line":19,"column":69}},"12":{"start":{"line":21,"column":4},"end":{"line":21,"column":45}},"13":{"start":{"line":25,"column":28},"end":{"line":33,"column":1}},"14":{"start":{"line":26,"column":2},"end":{"line":32,"column":3}},"15":{"start":{"line":27,"column":20},"end":{"line":27,"column":38}},"16":{"start":{"line":28,"column":4},"end":{"line":28,"column":29}},"17":{"start":{"line":29,"column":4},"end":{"line":29,"column":69}},"18":{"start":{"line":31,"column":4},"end":{"line":31,"column":48}}},"fnMap":{"0":{"name":"(anonymous_0)","decl":{"start":{"line":5,"column":26},"end":{"line":5,"column":27}},"loc":{"start":{"line":5,"column":38},"end":{"line":13,"column":1}},"line":5},"1":{"name":"(anonymous_1)","decl":{"start":{"line":15,"column":25},"end":{"line":15,"column":26}},"loc":{"start":{"line":15,"column":53},"end":{"line":23,"column":1}},"line":15},"2":{"name":"(anonymous_2)","decl":{"start":{"line":25,"column":28},"end":{"line":25,"column":29}},"loc":{"start":{"line":25,"column":48},"end":{"line":33,"column":1}},"line":25}},"branchMap":{"0":{"loc":{"start":{"line":8,"column":11},"end":{"line":8,"column":47}},"type":"cond-expr","locations":[{"start":{"line":8,"column":22},"end":{"line":8,"column":42}},{"start":{"line":8,"column":45},"end":{"line":8,"column":47}}],"line":8}},"s":{"0":1,"1":1,"2":0,"3":0,"4":0,"5":0,"6":0,"7":1,"8":0,"9":0,"10":0,"11":0,"12":0,"13":1,"14":0,"15":0,"16":0,"17":0,"18":0},"f":{"0":0,"1":0,"2":0},"b":{"0":[0,0]},"_coverageSchema":"1a1c01bbd47fc00a2c39e90264f33305004495a9","hash":"99bd0d72cb656e4dce5e8f7fa3a432b59f2ee4d0"}
}
