TN:
SF:src/screens/AdvancedReportsScreen.js
FN:6,sumBy
FN:7,(anonymous_1)
FN:10,AdvancedReportsScreen
FN:17,(anonymous_3)
FN:18,(anonymous_4)
FN:22,(anonymous_5)
FN:23,(anonymous_6)
FN:24,(anonymous_7)
FN:49,(anonymous_8)
FN:50,(anonymous_9)
FN:64,groupByMonth
FN:66,(anonymous_11)
FN:73,(anonymous_12)
FNF:13
FNH:12
FNDA:3,sumBy
FNDA:4,(anonymous_1)
FNDA:2,AdvancedReportsScreen
FNDA:1,(anonymous_3)
FNDA:1,(anonymous_4)
FNDA:2,(anonymous_5)
FNDA:2,(anonymous_6)
FNDA:2,(anonymous_7)
FNDA:2,(anonymous_8)
FNDA:1,(anonymous_9)
FNDA:2,groupByMonth
FNDA:2,(anonymous_11)
FNDA:0,(anonymous_12)
DA:7,4
DA:11,2
DA:12,2
DA:13,2
DA:14,2
DA:15,2
DA:17,2
DA:18,1
DA:19,1
DA:20,1
DA:21,1
DA:22,2
DA:23,2
DA:24,2
DA:25,1
DA:29,2
DA:49,2
DA:51,1
DA:65,2
DA:66,2
DA:67,2
DA:68,2
DA:69,2
DA:70,2
DA:71,1
DA:73,2
DA:76,2
LF:27
LH:27
BRDA:69,0,0,1
BRDA:69,0,1,1
BRDA:70,1,0,1
BRDA:70,1,1,1
BRDA:77,2,0,0
BRDA:77,2,1,2
BRDA:77,3,0,0
BRDA:77,3,1,0
BRF:8
BRH:5
end_of_record
TN:
SF:src/screens/BudgetScreen.js
FN:6,BudgetScreen
FN:21,(anonymous_1)
FN:26,(anonymous_2)
FN:31,(anonymous_3)
FN:34,(anonymous_4)
FN:41,(anonymous_5)
FN:52,(anonymous_6)
FN:64,(anonymous_7)
FN:65,(anonymous_8)
FN:91,(anonymous_9)
FN:96,(anonymous_10)
FN:100,(anonymous_11)
FNF:12
FNH:7
FNDA:2,BudgetScreen
FNDA:1,(anonymous_1)
FNDA:1,(anonymous_2)
FNDA:1,(anonymous_3)
FNDA:2,(anonymous_4)
FNDA:0,(anonymous_5)
FNDA:0,(anonymous_6)
FNDA:3,(anonymous_7)
FNDA:2,(anonymous_8)
FNDA:0,(anonymous_9)
FNDA:0,(anonymous_10)
FNDA:0,(anonymous_11)
DA:7,2
DA:17,2
DA:18,2
DA:19,2
DA:21,2
DA:22,1
DA:23,1
DA:26,2
DA:27,1
DA:28,1
DA:31,2
DA:32,1
DA:33,1
DA:34,1
DA:35,2
DA:36,2
DA:38,1
DA:41,2
DA:42,0
DA:43,0
DA:44,0
DA:45,0
DA:47,0
DA:48,0
DA:49,0
DA:52,2
DA:53,0
DA:54,0
DA:57,2
DA:64,3
DA:66,2
DA:67,2
DA:68,2
DA:69,2
DA:91,0
DA:96,0
DA:100,0
DA:119,2
LF:38
LH:26
BRDA:7,0,0,2
BRDA:7,0,1,0
BRDA:35,1,0,1
BRDA:35,1,1,1
BRDA:43,2,0,0
BRDA:43,2,1,0
BRDA:43,3,0,0
BRDA:43,3,1,0
BRDA:66,4,0,2
BRDA:66,4,1,1
BRDA:68,5,0,1
BRDA:68,5,1,1
BRDA:73,6,0,1
BRDA:73,6,1,1
BRDA:74,7,0,0
BRDA:74,7,1,1
BRDA:74,8,0,0
BRDA:74,8,1,1
BRDA:80,9,0,2
BRDA:80,9,1,1
BRDA:80,9,2,0
BRDA:83,10,0,2
BRDA:83,10,1,1
BRDA:83,10,2,0
BRDA:83,10,3,0
BRDA:90,11,0,2
BRDA:90,11,1,2
BRDA:99,12,0,2
BRDA:99,12,1,1
BRDA:123,13,0,0
BRDA:123,13,1,2
BRDA:123,14,0,0
BRDA:123,14,1,0
BRF:33
BRH:20
end_of_record
TN:
SF:src/screens/CategoryScreen.js
FN:4,CategoryScreen
FN:23,(anonymous_1)
FN:28,(anonymous_2)
FNF:3
FNH:1
FNDA:1,CategoryScreen
FNDA:0,(anonymous_1)
FNDA:0,(anonymous_2)
DA:5,1
DA:16,1
DA:24,0
DA:42,1
LF:4
LH:3
BRDA:5,0,0,1
BRDA:5,0,1,0
BRDA:20,1,0,1
BRDA:20,1,1,0
BRF:4
BRH:2
end_of_record
TN:
SF:src/screens/HomeScreen.js
FN:12,HomeScreenContent
FN:17,(anonymous_1)
FN:18,(anonymous_2)
FN:25,(anonymous_3)
FN:26,(anonymous_4)
FN:33,(anonymous_5)
FN:38,(anonymous_6)
FN:41,(anonymous_7)
FN:48,(anonymous_8)
FN:50,(anonymous_9)
FN:59,(anonymous_10)
FN:86,(anonymous_11)
FN:87,(anonymous_12)
FN:103,(anonymous_13)
FN:114,(anonymous_14)
FN:122,MainTabs
FN:133,(anonymous_16)
FN:134,(anonymous_17)
FN:135,(anonymous_18)
FN:136,(anonymous_19)
FNF:20
FNH:10
FNDA:5,HomeScreenContent
FNDA:2,(anonymous_1)
FNDA:0,(anonymous_2)
FNDA:2,(anonymous_3)
FNDA:2,(anonymous_4)
FNDA:2,(anonymous_5)
FNDA:0,(anonymous_6)
FNDA:0,(anonymous_7)
FNDA:4,(anonymous_8)
FNDA:4,(anonymous_9)
FNDA:3,(anonymous_10)
FNDA:5,(anonymous_11)
FNDA:3,(anonymous_12)
FNDA:0,(anonymous_13)
FNDA:0,(anonymous_14)
FNDA:0,MainTabs
FNDA:0,(anonymous_16)
FNDA:0,(anonymous_17)
FNDA:0,(anonymous_18)
FNDA:0,(anonymous_19)
DA:10,1
DA:13,5
DA:14,5
DA:15,5
DA:17,5
DA:18,2
DA:19,0
DA:21,2
DA:22,2
DA:25,5
DA:26,2
DA:27,2
DA:28,2
DA:29,2
DA:33,5
DA:34,2
DA:35,2
DA:38,5
DA:39,0
DA:42,0
DA:43,0
DA:48,5
DA:50,5
DA:51,4
DA:52,4
DA:59,5
DA:60,3
DA:61,3
DA:70,5
DA:86,5
DA:88,3
DA:103,0
DA:114,0
DA:123,0
DA:133,0
DA:134,0
DA:135,0
DA:136,0
DA:141,1
LF:39
LH:28
BRDA:29,0,0,0
BRDA:29,0,1,2
BRDA:29,1,0,2
BRDA:29,1,1,2
BRDA:53,2,0,4
BRDA:53,2,1,1
BRDA:53,2,2,1
BRDA:53,2,3,0
BRDA:53,2,4,0
BRDA:62,3,0,1
BRDA:62,3,1,2
BRDA:63,4,0,1
BRDA:63,4,1,2
BRDA:64,5,0,1
BRDA:64,5,1,1
BRDA:65,6,0,2
BRDA:65,6,1,2
BRDA:90,7,0,3
BRDA:90,7,1,0
BRDA:95,8,0,3
BRDA:95,8,1,0
BRDA:95,8,2,0
BRDA:98,9,0,3
BRDA:98,9,1,0
BRDA:98,9,2,0
BRDA:145,10,0,0
BRDA:145,10,1,1
BRDA:145,11,0,0
BRDA:145,11,1,0
BRF:29
BRH:18
end_of_record
TN:
SF:src/screens/LockScreen.js
FN:5,LockScreen
FN:9,(anonymous_1)
FN:10,(anonymous_2)
FN:17,(anonymous_3)
FNF:4
FNH:3
FNDA:4,LockScreen
FNDA:2,(anonymous_1)
FNDA:2,(anonymous_2)
FNDA:0,(anonymous_3)
DA:6,4
DA:7,4
DA:9,4
DA:10,2
DA:11,2
DA:12,2
DA:13,2
DA:17,4
DA:18,0
DA:19,0
DA:20,0
DA:25,0
DA:26,0
DA:27,0
DA:28,0
DA:31,0
DA:33,0
DA:37,4
DA:55,1
LF:19
LH:10
BRDA:13,0,0,2
BRDA:13,0,1,2
BRDA:25,1,0,0
BRDA:25,1,1,0
BRDA:27,2,0,0
BRDA:27,2,1,0
BRDA:42,3,0,2
BRDA:42,3,1,2
BRDA:44,4,0,0
BRDA:44,4,1,2
BRF:10
BRH:5
end_of_record
TN:
SF:src/screens/SettingsScreen.js
FN:19,SettingsScreen
FN:22,(anonymous_1)
FN:23,(anonymous_2)
FN:29,(anonymous_3)
FN:46,(anonymous_4)
FN:56,getDefaultCurrency
FN:61,getCurrencySymbol
FN:62,(anonymous_7)
FNF:8
FNH:4
FNDA:1,SettingsScreen
FNDA:1,(anonymous_1)
FNDA:1,(anonymous_2)
FNDA:0,(anonymous_3)
FNDA:9,(anonymous_4)
FNDA:0,getDefaultCurrency
FNDA:0,getCurrencySymbol
FNDA:0,(anonymous_7)
DA:6,1
DA:7,1
DA:20,1
DA:22,1
DA:23,1
DA:24,1
DA:25,1
DA:29,1
DA:30,0
DA:31,0
DA:32,0
DA:35,1
DA:47,9
DA:57,0
DA:58,0
DA:62,0
DA:63,0
DA:66,1
LF:18
LH:11
BRDA:25,0,0,0
BRDA:25,0,1,1
BRDA:58,1,0,0
BRDA:58,1,1,0
BRDA:63,2,0,0
BRDA:63,2,1,0
BRF:6
BRH:1
end_of_record
TN:
SF:src/utils/budget.js
FN:5,(anonymous_0)
FN:15,(anonymous_1)
FN:25,(anonymous_2)
FNF:3
FNH:0
FNDA:0,(anonymous_0)
FNDA:0,(anonymous_1)
FNDA:0,(anonymous_2)
DA:3,1
DA:5,1
DA:6,0
DA:7,0
DA:8,0
DA:10,0
DA:11,0
DA:15,1
DA:16,0
DA:17,0
DA:18,0
DA:19,0
DA:21,0
DA:25,1
DA:26,0
DA:27,0
DA:28,0
DA:29,0
DA:31,0
LF:19
LH:4
BRDA:8,0,0,0
BRDA:8,0,1,0
BRF:2
BRH:0
end_of_record
